[2025-05-28 14:00:27] ERROR: checkIdAndExists is not defined
Stack: ReferenceError: checkIdAndExists is not defined
    at CarsService.createItem (file:///home/fayzullo/Desktop/FN_3/TransportSales/src/service/makro_service/cars.service.js:30:9)
    at createCars (file:///home/fayzullo/Desktop/FN_3/TransportSales/src/controller/car.controller.js:18:46)
    at Layer.handleRequest (/home/fayzullo/Desktop/FN_3/TransportSales/node_modules/router/lib/layer.js:152:17)
    at next (/home/fayzullo/Desktop/FN_3/TransportSales/node_modules/router/lib/route.js:157:13)
    at createValid (file:///home/fayzullo/Desktop/FN_3/TransportSales/src/midllwares/carsMidllwares/Carsvalidations.js:14:9)
    at Layer.handleRequest (/home/fayzullo/Desktop/FN_3/TransportSales/node_modules/router/lib/layer.js:152:17)
    at next (/home/fayzullo/Desktop/FN_3/TransportSales/node_modules/router/lib/route.js:157:13)
    at Route.dispatch (/home/fayzullo/Desktop/FN_3/TransportSales/node_modules/router/lib/route.js:117:3)
    at handle (/home/fayzullo/Desktop/FN_3/TransportSales/node_modules/router/index.js:435:11)
    at Layer.handleRequest (/home/fayzullo/Desktop/FN_3/TransportSales/node_modules/router/lib/layer.js:152:17)
[2025-05-28 14:13:04] ERROR: Invalid file type text !
Stack: Error: Invalid file type text !
    at CarsService.createItem (file:///home/fayzullo/Desktop/FN_3/TransportSales/src/service/makro_service/cars.service.js:32:50)
    at createCars (file:///home/fayzullo/Desktop/FN_3/TransportSales/src/controller/car.controller.js:18:46)
    at Layer.handleRequest (/home/fayzullo/Desktop/FN_3/TransportSales/node_modules/router/lib/layer.js:152:17)
    at next (/home/fayzullo/Desktop/FN_3/TransportSales/node_modules/router/lib/route.js:157:13)
    at createValid (file:///home/fayzullo/Desktop/FN_3/TransportSales/src/midllwares/carsMidllwares/Carsvalidations.js:14:9)
    at Layer.handleRequest (/home/fayzullo/Desktop/FN_3/TransportSales/node_modules/router/lib/layer.js:152:17)
    at next (/home/fayzullo/Desktop/FN_3/TransportSales/node_modules/router/lib/route.js:157:13)
    at Route.dispatch (/home/fayzullo/Desktop/FN_3/TransportSales/node_modules/router/lib/route.js:117:3)
    at handle (/home/fayzullo/Desktop/FN_3/TransportSales/node_modules/router/index.js:435:11)
    at Layer.handleRequest (/home/fayzullo/Desktop/FN_3/TransportSales/node_modules/router/lib/layer.js:152:17)
[2025-05-28 14:13:56] ERROR: Invalid file type text !
Stack: Error: Invalid file type text !
    at CarsService.createItem (file:///home/fayzullo/Desktop/FN_3/TransportSales/src/service/makro_service/cars.service.js:33:50)
    at createCars (file:///home/fayzullo/Desktop/FN_3/TransportSales/src/controller/car.controller.js:18:46)
    at Layer.handleRequest (/home/fayzullo/Desktop/FN_3/TransportSales/node_modules/router/lib/layer.js:152:17)
    at next (/home/fayzullo/Desktop/FN_3/TransportSales/node_modules/router/lib/route.js:157:13)
    at createValid (file:///home/fayzullo/Desktop/FN_3/TransportSales/src/midllwares/carsMidllwares/Carsvalidations.js:14:9)
    at Layer.handleRequest (/home/fayzullo/Desktop/FN_3/TransportSales/node_modules/router/lib/layer.js:152:17)
    at next (/home/fayzullo/Desktop/FN_3/TransportSales/node_modules/router/lib/route.js:157:13)
    at Route.dispatch (/home/fayzullo/Desktop/FN_3/TransportSales/node_modules/router/lib/route.js:117:3)
    at handle (/home/fayzullo/Desktop/FN_3/TransportSales/node_modules/router/index.js:435:11)
    at Layer.handleRequest (/home/fayzullo/Desktop/FN_3/TransportSales/node_modules/router/lib/layer.js:152:17)
[2025-05-28 14:19:30] ERROR: File requred img !
Stack: Error: File requred img !
    at createValid (file:///home/fayzullo/Desktop/FN_3/TransportSales/src/midllwares/carsMidllwares/Carsvalidations.js:9:35)
    at Layer.handleRequest (/home/fayzullo/Desktop/FN_3/TransportSales/node_modules/router/lib/layer.js:152:17)
    at next (/home/fayzullo/Desktop/FN_3/TransportSales/node_modules/router/lib/route.js:157:13)
    at Route.dispatch (/home/fayzullo/Desktop/FN_3/TransportSales/node_modules/router/lib/route.js:117:3)
    at handle (/home/fayzullo/Desktop/FN_3/TransportSales/node_modules/router/index.js:435:11)
    at Layer.handleRequest (/home/fayzullo/Desktop/FN_3/TransportSales/node_modules/router/lib/layer.js:152:17)
    at /home/fayzullo/Desktop/FN_3/TransportSales/node_modules/router/index.js:295:15
    at processParams (/home/fayzullo/Desktop/FN_3/TransportSales/node_modules/router/index.js:582:12)
    at next (/home/fayzullo/Desktop/FN_3/TransportSales/node_modules/router/index.js:291:5)
    at Function.handle (/home/fayzullo/Desktop/FN_3/TransportSales/node_modules/router/index.js:186:3)
