[2025-05-29 02:05:06] INFO: Invalid role ! 
Stack: Error: Invalid role ! 
    at AdminService.CreateRole (file:///home/fayzullo/Desktop/FN_3/TransportSales/src/service/makro_service/admin.service.js:15:19)
    at createRole (file:///home/fayzullo/Desktop/FN_3/TransportSales/src/controller/admin.controller.js:8:48)
    at Layer.handleRequest (/home/fayzullo/Desktop/FN_3/TransportSales/node_modules/router/lib/layer.js:152:17)
    at next (/home/fayzullo/Desktop/FN_3/TransportSales/node_modules/router/lib/route.js:157:13)
    at createValid (file:///home/fayzullo/Desktop/FN_3/TransportSales/src/midllwares/staffmidllwares/validators.js:13:9)
    at Layer.handleRequest (/home/fayzullo/Desktop/FN_3/TransportSales/node_modules/router/lib/layer.js:152:17)
    at next (/home/fayzullo/Desktop/FN_3/TransportSales/node_modules/router/lib/route.js:157:13)
    at checkPermission (file:///home/fayzullo/Desktop/FN_3/TransportSales/src/midllwares/usersMidllwares/validationmidllware/checkPermission.js:11:47)
    at process.processTicksAndRejections (node:internal/process/task_queues:105:5)
[2025-05-29 02:05:21] INFO: Validation failed "role" is not allowed
Stack: Error: Validation failed "role" is not allowed
    at createValid (file:///home/fayzullo/Desktop/FN_3/TransportSales/src/midllwares/staffmidllwares/validators.js:11:19)
    at Layer.handleRequest (/home/fayzullo/Desktop/FN_3/TransportSales/node_modules/router/lib/layer.js:152:17)
    at next (/home/fayzullo/Desktop/FN_3/TransportSales/node_modules/router/lib/route.js:157:13)
    at checkPermission (file:///home/fayzullo/Desktop/FN_3/TransportSales/src/midllwares/usersMidllwares/validationmidllware/checkPermission.js:11:47)
    at process.processTicksAndRejections (node:internal/process/task_queues:105:5)
[2025-05-29 02:11:46] ERROR: staff is not defined
Stack: ReferenceError: staff is not defined
    at AdminService.CreateRole (file:///home/fayzullo/Desktop/FN_3/TransportSales/src/service/makro_service/admin.service.js:25:13)
    at process.processTicksAndRejections (node:internal/process/task_queues:105:5)
    at async createRole (file:///home/fayzullo/Desktop/FN_3/TransportSales/src/controller/admin.controller.js:8:29)
[2025-05-29 02:13:06] ERROR: staff is not defined
Stack: ReferenceError: staff is not defined
    at AdminService.CreateRole (file:///home/fayzullo/Desktop/FN_3/TransportSales/src/service/makro_service/admin.service.js:25:13)
    at process.processTicksAndRejections (node:internal/process/task_queues:105:5)
    at async createRole (file:///home/fayzullo/Desktop/FN_3/TransportSales/src/controller/admin.controller.js:8:29)
[2025-05-29 02:22:12] ERROR: Bu id dagi staff mavjud
Stack: Error: Bu id dagi staff mavjud
    at AdminService.createStaff (file:///home/fayzullo/Desktop/FN_3/TransportSales/src/service/makro_service/admin.service.js:42:19)
    at process.processTicksAndRejections (node:internal/process/task_queues:105:5)
    at async AdminService.CreateRole (file:///home/fayzullo/Desktop/FN_3/TransportSales/src/service/makro_service/admin.service.js:26:21)
    at async createRole (file:///home/fayzullo/Desktop/FN_3/TransportSales/src/controller/admin.controller.js:8:29)
[2025-05-29 02:23:18] INFO: Bu id dagi staff mavjud
Stack: Error: Bu id dagi staff mavjud
    at AdminService.createStaff (file:///home/fayzullo/Desktop/FN_3/TransportSales/src/service/makro_service/admin.service.js:42:19)
    at process.processTicksAndRejections (node:internal/process/task_queues:105:5)
    at async AdminService.CreateRole (file:///home/fayzullo/Desktop/FN_3/TransportSales/src/service/makro_service/admin.service.js:26:21)
    at async createRole (file:///home/fayzullo/Desktop/FN_3/TransportSales/src/controller/admin.controller.js:8:29)
[2025-05-29 02:42:21] INFO: User role super admin emas !
Stack: Error: User role super admin emas !
    at isAdmin (file:///home/fayzullo/Desktop/FN_3/TransportSales/src/midllwares/usersMidllwares/checkAdmin.js:9:19)
    at Layer.handleRequest (/home/fayzullo/Desktop/FN_3/TransportSales/node_modules/router/lib/layer.js:152:17)
    at next (/home/fayzullo/Desktop/FN_3/TransportSales/node_modules/router/lib/route.js:157:13)
    at checkToken (file:///home/fayzullo/Desktop/FN_3/TransportSales/src/midllwares/usersMidllwares/validationmidllware/ckeckToken.js:14:9)
    at Layer.handleRequest (/home/fayzullo/Desktop/FN_3/TransportSales/node_modules/router/lib/layer.js:152:17)
    at next (/home/fayzullo/Desktop/FN_3/TransportSales/node_modules/router/lib/route.js:157:13)
    at Route.dispatch (/home/fayzullo/Desktop/FN_3/TransportSales/node_modules/router/lib/route.js:117:3)
    at handle (/home/fayzullo/Desktop/FN_3/TransportSales/node_modules/router/index.js:435:11)
    at Layer.handleRequest (/home/fayzullo/Desktop/FN_3/TransportSales/node_modules/router/lib/layer.js:152:17)
    at /home/fayzullo/Desktop/FN_3/TransportSales/node_modules/router/index.js:295:15
[2025-05-29 02:47:07] INFO: Bu id dagi staff mavjud
Stack: Error: Bu id dagi staff mavjud
    at AdminService.createStaff (file:///home/fayzullo/Desktop/FN_3/TransportSales/src/service/makro_service/admin.service.js:37:19)
    at process.processTicksAndRejections (node:internal/process/task_queues:105:5)
    at async createStaff (file:///home/fayzullo/Desktop/FN_3/TransportSales/src/controller/admin.controller.js:17:29)
[2025-05-29 02:47:37] INFO: User already exists !
Stack: Error: User already exists !
    at UserService.createItem (file:///home/fayzullo/Desktop/FN_3/TransportSales/src/service/makro_service/user.service.js:20:19)
    at process.processTicksAndRejections (node:internal/process/task_queues:105:5)
    at async createUser (file:///home/fayzullo/Desktop/FN_3/TransportSales/src/controller/user.controller.js:19:28)
